TN:
SF:src/app.ts
FNF:0
FNH:0
DA:1,1
DA:2,1
DA:3,1
DA:4,1
DA:5,1
DA:6,1
DA:7,1
DA:8,1
DA:9,1
DA:10,1
DA:11,1
DA:12,1
DA:13,1
DA:14,1
DA:15,1
DA:16,1
DA:17,1
DA:18,1
DA:19,1
DA:20,1
DA:21,1
DA:22,1
DA:23,1
DA:24,1
DA:25,1
DA:26,0
DA:27,0
DA:28,0
DA:29,0
DA:30,0
DA:31,0
DA:32,1
DA:33,1
DA:34,1
LF:34
LH:28
BRDA:20,0,0,1
BRDA:26,1,0,0
BRF:2
BRH:1
end_of_record
TN:
SF:src/config/auth.ts
FNF:0
FNH:0
DA:1,1
DA:2,1
DA:3,1
DA:4,1
DA:5,1
DA:6,1
LF:6
LH:6
BRF:0
BRH:0
end_of_record
TN:
SF:src/database/index.ts
FNF:0
FNH:0
DA:1,1
DA:2,1
DA:3,1
LF:3
LH:3
BRDA:3,0,0,1
BRDA:3,1,0,1
BRDA:3,2,0,2
BRDA:3,3,0,1
BRDA:3,4,0,1
BRF:5
BRH:5
end_of_record
TN:
SF:src/database/migrations/1616681812086-users-table.ts
FN:3,usersTable1616681812086
FN:5,Object.<anonymous>.usersTable1616681812086.up
FN:41,Object.<anonymous>.usersTable1616681812086.down
FNF:3
FNH:2
FNDA:1,usersTable1616681812086
FNDA:1,Object.<anonymous>.usersTable1616681812086.up
FNDA:0,Object.<anonymous>.usersTable1616681812086.down
DA:1,1
DA:2,1
DA:3,1
DA:4,1
DA:5,1
DA:6,1
DA:7,1
DA:8,1
DA:9,1
DA:10,1
DA:11,1
DA:12,1
DA:13,1
DA:14,1
DA:15,1
DA:16,1
DA:17,1
DA:18,1
DA:19,1
DA:20,1
DA:21,1
DA:22,1
DA:23,1
DA:24,1
DA:25,1
DA:26,1
DA:27,1
DA:28,1
DA:29,1
DA:30,1
DA:31,1
DA:32,1
DA:33,1
DA:34,1
DA:35,1
DA:36,1
DA:37,1
DA:38,1
DA:39,1
DA:40,1
DA:41,1
DA:42,0
DA:43,0
DA:44,1
DA:45,1
LF:45
LH:43
BRDA:3,0,0,1
BRDA:3,1,0,1
BRDA:5,2,0,1
BRDA:6,3,0,1
BRF:4
BRH:4
end_of_record
TN:
SF:src/database/migrations/1616682561481-statements-table.ts
FN:3,accountsTable1616682561481
FN:5,Object.<anonymous>.accountsTable1616682561481.up
FN:57,Object.<anonymous>.accountsTable1616682561481.down
FNF:3
FNH:2
FNDA:1,accountsTable1616682561481
FNDA:1,Object.<anonymous>.accountsTable1616682561481.up
FNDA:0,Object.<anonymous>.accountsTable1616682561481.down
DA:1,1
DA:2,1
DA:3,1
DA:4,1
DA:5,1
DA:6,1
DA:7,1
DA:8,1
DA:9,1
DA:10,1
DA:11,1
DA:12,1
DA:13,1
DA:14,1
DA:15,1
DA:16,1
DA:17,1
DA:18,1
DA:19,1
DA:20,1
DA:21,1
DA:22,1
DA:23,1
DA:24,1
DA:25,1
DA:26,1
DA:27,1
DA:28,1
DA:29,1
DA:30,1
DA:31,1
DA:32,1
DA:33,1
DA:34,1
DA:35,1
DA:36,1
DA:37,1
DA:38,1
DA:39,1
DA:40,1
DA:41,1
DA:42,1
DA:43,1
DA:44,1
DA:45,1
DA:46,1
DA:47,1
DA:48,1
DA:49,1
DA:50,1
DA:51,1
DA:52,1
DA:53,1
DA:54,1
DA:55,1
DA:56,1
DA:57,1
DA:58,0
DA:59,0
DA:60,1
DA:61,1
LF:61
LH:59
BRDA:3,0,0,1
BRDA:3,1,0,1
BRDA:5,2,0,1
BRDA:6,3,0,1
BRF:4
BRH:4
end_of_record
TN:
SF:src/database/migrations/1617939308898-AddTransferFieldInStatement.ts
FN:3,AddTransferFieldInStatement1617939308898
FN:5,Object.<anonymous>.AddTransferFieldInStatement1617939308898.up
FN:15,Object.<anonymous>.AddTransferFieldInStatement1617939308898.down
FNF:3
FNH:2
FNDA:1,AddTransferFieldInStatement1617939308898
FNDA:1,Object.<anonymous>.AddTransferFieldInStatement1617939308898.up
FNDA:0,Object.<anonymous>.AddTransferFieldInStatement1617939308898.down
DA:1,1
DA:2,1
DA:3,1
DA:4,1
DA:5,1
DA:6,1
DA:7,1
DA:8,1
DA:9,1
DA:10,1
DA:11,1
DA:12,1
DA:13,1
DA:14,1
DA:15,1
DA:16,0
DA:17,0
DA:18,1
DA:19,1
LF:19
LH:17
BRDA:3,0,0,1
BRDA:3,1,0,1
BRDA:5,2,0,1
BRDA:6,3,0,1
BRF:4
BRH:4
end_of_record
TN:
SF:src/modules/statements/entities/Statement.ts
FN:49,Statement
FN:26,Object.<anonymous>.typeorm_1.JoinColumn.name
FNF:2
FNH:2
FNDA:6,Statement
FNDA:2,Object.<anonymous>.typeorm_1.JoinColumn.name
DA:1,1
DA:2,1
DA:3,1
DA:4,1
DA:5,1
DA:6,1
DA:7,1
DA:8,1
DA:9,1
DA:10,1
DA:11,1
DA:12,1
DA:13,1
DA:14,1
DA:15,1
DA:16,1
DA:17,1
DA:18,1
DA:19,1
DA:20,1
DA:21,1
DA:22,1
DA:23,1
DA:24,1
DA:25,1
DA:26,1
DA:27,1
DA:28,1
DA:29,1
DA:30,1
DA:31,1
DA:32,1
DA:33,1
DA:34,1
DA:35,1
DA:36,1
DA:37,1
DA:38,1
DA:39,1
DA:40,1
DA:41,1
DA:42,1
DA:43,1
DA:44,1
DA:45,1
DA:46,1
DA:47,1
DA:48,1
DA:49,1
DA:50,6
DA:51,6
DA:52,6
DA:53,6
DA:54,1
LF:54
LH:54
BRDA:13,0,0,1
BRDA:19,1,0,1
BRDA:49,2,0,6
BRDA:26,3,0,2
BRDA:26,4,0,2
BRF:5
BRH:5
end_of_record
TN:
SF:src/modules/statements/entities/Transfer.ts
FN:12,Transfer
FNF:1
FNH:1
FNDA:2,Transfer
DA:1,1
DA:2,1
DA:3,1
DA:4,1
DA:5,1
DA:6,1
DA:7,1
DA:8,1
DA:9,1
DA:10,1
DA:11,1
DA:12,2
DA:13,2
DA:14,2
DA:15,2
DA:16,2
DA:17,2
DA:18,2
DA:19,2
DA:20,2
DA:21,2
DA:22,2
DA:23,2
DA:24,2
DA:25,2
DA:26,2
DA:27,2
DA:28,2
DA:29,2
DA:30,2
DA:31,2
DA:32,2
DA:33,2
DA:34,2
DA:35,2
DA:36,2
DA:37,2
DA:38,2
DA:39,2
DA:40,2
DA:41,2
DA:42,2
DA:43,2
DA:44,2
LF:44
LH:44
BRDA:12,0,0,1
BRDA:12,1,0,2
BRF:2
BRH:2
end_of_record
TN:
SF:src/modules/statements/mappers/BalanceMap.ts
FN:3,BalanceMap
FN:4,Object.<anonymous>.BalanceMap.toDTO
FNF:2
FNH:1
FNDA:0,BalanceMap
FNDA:1,Object.<anonymous>.BalanceMap.toDTO
DA:1,1
DA:2,1
DA:3,0
DA:4,0
DA:5,1
DA:6,2
DA:7,2
DA:8,2
DA:9,2
DA:10,2
DA:11,2
DA:12,2
DA:13,1
DA:14,1
DA:15,1
DA:16,1
DA:17,1
DA:18,1
DA:19,1
DA:20,1
DA:21,1
DA:22,1
DA:23,1
DA:24,1
DA:25,1
DA:26,1
DA:27,1
DA:28,0
LF:28
LH:25
BRDA:3,0,0,1
BRDA:4,1,0,1
BRDA:5,2,0,2
BRF:3
BRH:3
end_of_record
TN:
SF:src/modules/statements/repositories/StatementsRepository.ts
FN:12,StatementsRepository
FN:16,Object.<anonymous>.StatementsRepository.create
FN:32,Object.<anonymous>.StatementsRepository.findStatementOperation
FN:38,Object.<anonymous>.StatementsRepository.getUserBalance
FNF:4
FNH:4
FNDA:1,StatementsRepository
FNDA:4,Object.<anonymous>.StatementsRepository.create
FNDA:2,Object.<anonymous>.StatementsRepository.findStatementOperation
FNDA:2,Object.<anonymous>.StatementsRepository.getUserBalance
DA:1,1
DA:2,1
DA:3,1
DA:4,1
DA:5,1
DA:6,1
DA:7,1
DA:8,1
DA:9,1
DA:10,1
DA:11,1
DA:12,1
DA:13,1
DA:14,1
DA:15,1
DA:16,1
DA:17,4
DA:18,4
DA:19,4
DA:20,4
DA:21,4
DA:22,4
DA:23,4
DA:24,4
DA:25,4
DA:26,4
DA:27,4
DA:28,4
DA:29,4
DA:30,4
DA:31,1
DA:32,1
DA:33,2
DA:34,2
DA:35,2
DA:36,2
DA:37,1
DA:38,1
DA:39,2
DA:40,2
DA:41,2
DA:42,2
DA:43,2
DA:44,2
DA:45,2
DA:46,2
DA:47,2
DA:48,4
DA:49,3
DA:50,4
DA:51,1
DA:52,1
DA:53,2
DA:54,2
DA:55,2
DA:56,0
DA:57,0
DA:58,0
DA:59,0
DA:60,0
DA:61,2
DA:62,2
DA:63,2
DA:64,1
LF:64
LH:59
BRDA:9,0,0,1
BRDA:12,1,0,1
BRDA:16,2,0,4
BRDA:32,3,0,2
BRDA:38,4,0,2
BRDA:38,5,0,0
BRDA:43,6,0,2
BRDA:55,7,0,0
BRDA:47,8,0,4
BRDA:48,9,0,3
BRDA:50,10,0,1
BRF:11
BRH:9
end_of_record
TN:
SF:src/modules/statements/repositories/in-memory/InMemoryStatementsRepository.ts
FN:14,InMemoryStatementsRepository
FN:18,Object.<anonymous>.InMemoryStatementsRepository.create
FN:28,Object.<anonymous>.InMemoryStatementsRepository.findStatementOperation
FN:35,Object.<anonymous>.InMemoryStatementsRepository.getUserBalance
FNF:4
FNH:4
FNDA:3,InMemoryStatementsRepository
FNDA:6,Object.<anonymous>.InMemoryStatementsRepository.create
FNDA:2,Object.<anonymous>.InMemoryStatementsRepository.findStatementOperation
FNDA:5,Object.<anonymous>.InMemoryStatementsRepository.getUserBalance
DA:1,1
DA:2,1
DA:3,1
DA:4,1
DA:5,1
DA:6,1
DA:7,1
DA:8,1
DA:9,1
DA:10,1
DA:11,1
DA:12,1
DA:13,1
DA:14,1
DA:15,3
DA:16,3
DA:17,1
DA:18,1
DA:19,6
DA:20,6
DA:21,6
DA:22,6
DA:23,6
DA:24,6
DA:25,6
DA:26,6
DA:27,1
DA:28,1
DA:29,2
DA:30,2
DA:31,1
DA:32,2
DA:33,2
DA:34,1
DA:35,1
DA:36,5
DA:37,5
DA:38,5
DA:39,5
DA:40,5
DA:41,5
DA:42,5
DA:43,5
DA:44,4
DA:45,5
DA:46,1
DA:47,1
DA:48,5
DA:49,5
DA:50,5
DA:51,2
DA:52,5
DA:53,3
DA:54,3
DA:55,3
DA:56,3
DA:57,5
DA:58,5
DA:59,5
DA:60,5
DA:61,5
DA:62,5
DA:63,5
DA:64,5
DA:65,5
DA:66,5
DA:67,1
LF:67
LH:67
BRDA:11,0,0,1
BRDA:14,1,0,3
BRDA:18,2,0,6
BRDA:28,3,0,2
BRDA:29,4,0,2
BRDA:30,5,0,1
BRDA:35,6,0,5
BRDA:35,7,0,3
BRDA:35,8,0,2
BRDA:50,9,0,3
BRDA:50,10,0,2
BRDA:65,11,0,3
BRDA:40,12,0,8
BRDA:42,13,0,5
BRDA:43,14,0,4
BRDA:45,15,0,1
BRDA:52,16,0,3
BRDA:55,17,0,1
BRDA:56,18,0,2
BRDA:53,19,0,3
BRF:20
BRH:20
end_of_record
TN:
SF:src/modules/statements/repositories/in-memory/inMemoryTransfersRepository.ts
FN:7,InMemoryTransfersRepository
FN:10,Object.<anonymous>.InMemoryTransfersRepository.create
FN:26,Object.<anonymous>.InMemoryTransfersRepository.getTransfers
FNF:3
FNH:3
FNDA:3,InMemoryTransfersRepository
FNDA:2,Object.<anonymous>.InMemoryTransfersRepository.create
FNDA:2,Object.<anonymous>.InMemoryTransfersRepository.getTransfers
DA:1,1
DA:2,1
DA:3,1
DA:4,1
DA:5,1
DA:6,1
DA:7,3
DA:8,3
DA:9,3
DA:10,3
DA:11,2
DA:12,2
DA:13,2
DA:14,2
DA:15,2
DA:16,2
DA:17,2
DA:18,2
DA:19,2
DA:20,2
DA:21,2
DA:22,2
DA:23,2
DA:24,2
DA:25,3
DA:26,3
DA:27,2
DA:28,2
DA:29,3
LF:29
LH:29
BRDA:7,0,0,1
BRDA:7,1,0,3
BRDA:10,2,0,2
BRDA:26,3,0,2
BRF:4
BRH:4
end_of_record
TN:
SF:src/modules/statements/useCases/createStatement/CreateStatementController.ts
FN:11,CreateStatementController
FN:12,Object.<anonymous>.CreateStatementController.execute
FNF:2
FNH:2
FNDA:1,CreateStatementController
FNDA:4,Object.<anonymous>.CreateStatementController.execute
DA:1,1
DA:2,1
DA:3,1
DA:4,1
DA:5,1
DA:6,1
DA:7,1
DA:8,1
DA:9,1
DA:10,1
DA:11,1
DA:12,1
DA:13,4
DA:14,4
DA:15,4
DA:16,4
DA:17,4
DA:18,4
DA:19,4
DA:20,4
DA:21,4
DA:22,4
DA:23,4
DA:24,4
DA:25,4
DA:26,4
DA:27,4
DA:28,4
DA:29,4
DA:30,1
LF:30
LH:30
BRDA:6,0,0,1
BRDA:11,1,0,1
BRDA:11,2,0,1
BRDA:12,3,0,4
BRF:4
BRH:4
end_of_record
TN:
SF:src/modules/statements/useCases/createStatement/CreateStatementError.ts
FN:5,UserNotFound
FN:11,InsufficientFunds
FNF:2
FNH:2
FNDA:2,UserNotFound
FNDA:1,InsufficientFunds
DA:1,1
DA:2,1
DA:3,1
DA:4,1
DA:5,1
DA:6,2
DA:7,2
DA:8,1
DA:9,1
DA:10,1
DA:11,1
DA:12,1
DA:13,1
DA:14,1
DA:15,1
LF:15
LH:15
BRDA:3,0,0,1
BRDA:4,1,0,1
BRDA:5,2,0,2
BRDA:10,3,0,1
BRDA:11,4,0,1
BRF:5
BRH:5
end_of_record
TN:
SF:src/modules/statements/useCases/createStatement/CreateStatementUseCase.ts
FN:10,CreateStatementUseCase
FN:18,Object.<anonymous>.CreateStatementUseCase.execute
FNF:2
FNH:2
FNDA:3,CreateStatementUseCase
FNDA:3,Object.<anonymous>.CreateStatementUseCase.execute
DA:1,1
DA:2,1
DA:3,1
DA:4,1
DA:5,1
DA:6,1
DA:7,1
DA:8,1
DA:9,1
DA:10,1
DA:11,3
DA:12,3
DA:13,3
DA:14,3
DA:15,3
DA:16,3
DA:17,1
DA:18,1
DA:19,3
DA:20,3
DA:21,3
DA:22,0
DA:23,0
DA:24,3
DA:25,3
DA:26,0
DA:27,3
DA:28,3
DA:29,3
DA:30,3
DA:31,3
DA:32,3
DA:33,3
DA:34,3
DA:35,3
DA:36,3
DA:37,3
DA:38,3
DA:39,3
DA:40,3
DA:41,3
DA:42,3
DA:43,1
LF:43
LH:40
BRDA:9,0,0,1
BRDA:10,1,0,3
BRDA:18,2,0,3
BRDA:19,3,0,3
BRDA:21,4,0,0
BRDA:25,5,0,0
BRDA:33,6,0,3
BRF:7
BRH:5
end_of_record
TN:
SF:src/modules/statements/useCases/createTransfer/CreateTransferUserCase.ts
FN:9,CreateTransferUseCase
FN:15,Object.<anonymous>.CreateTransferUseCase.execute
FNF:2
FNH:2
FNDA:3,CreateTransferUseCase
FNDA:3,Object.<anonymous>.CreateTransferUseCase.execute
DA:1,1
DA:2,1
DA:3,1
DA:4,1
DA:5,1
DA:6,1
DA:7,1
DA:8,1
DA:9,1
DA:10,3
DA:11,3
DA:12,3
DA:13,3
DA:14,1
DA:15,1
DA:16,3
DA:17,3
DA:18,3
DA:19,3
DA:20,3
DA:21,3
DA:22,3
DA:23,3
DA:24,1
DA:25,1
DA:26,2
DA:27,2
DA:28,2
DA:29,2
DA:30,2
DA:31,2
DA:32,2
DA:33,3
DA:34,3
DA:35,3
DA:36,3
DA:37,3
DA:38,3
DA:39,3
DA:40,3
DA:41,3
DA:42,3
DA:43,3
DA:44,3
DA:45,3
DA:46,3
DA:47,3
DA:48,3
DA:49,3
DA:50,3
DA:51,3
DA:52,1
LF:52
LH:52
BRDA:8,0,0,1
BRDA:9,1,0,3
BRDA:15,2,0,3
BRDA:23,3,0,1
BRDA:26,4,0,2
BRDA:16,5,0,3
BRF:6
BRH:6
end_of_record
TN:
SF:src/modules/statements/useCases/getBalance/GetBalanceController.ts
FN:7,GetBalanceController
FN:8,Object.<anonymous>.GetBalanceController.execute
FNF:2
FNH:2
FNDA:1,GetBalanceController
FNDA:2,Object.<anonymous>.GetBalanceController.execute
DA:1,1
DA:2,1
DA:3,1
DA:4,1
DA:5,1
DA:6,1
DA:7,1
DA:8,1
DA:9,2
DA:10,2
DA:11,2
DA:12,2
DA:13,2
DA:14,2
DA:15,2
DA:16,2
DA:17,2
DA:18,2
DA:19,1
LF:19
LH:19
BRDA:7,0,0,1
BRDA:7,1,0,1
BRDA:8,2,0,2
BRF:3
BRH:3
end_of_record
TN:
SF:src/modules/statements/useCases/getBalance/GetBalanceError.ts
FN:4,GetBalanceError
FNF:1
FNH:1
FNDA:1,GetBalanceError
DA:1,1
DA:2,1
DA:3,1
DA:4,1
DA:5,1
DA:6,1
DA:7,1
LF:7
LH:7
BRDA:3,0,0,1
BRDA:4,1,0,1
BRF:2
BRH:2
end_of_record
TN:
SF:src/modules/statements/useCases/getBalance/GetBalanceUseCase.ts
FN:19,GetBalanceUseCase
FN:27,Object.<anonymous>.GetBalanceUseCase.execute
FNF:2
FNH:2
FNDA:2,GetBalanceUseCase
FNDA:2,Object.<anonymous>.GetBalanceUseCase.execute
DA:1,1
DA:2,1
DA:3,1
DA:4,1
DA:5,1
DA:6,1
DA:7,1
DA:8,1
DA:9,1
DA:10,1
DA:11,1
DA:12,1
DA:13,1
DA:14,1
DA:15,1
DA:16,1
DA:17,1
DA:18,1
DA:19,1
DA:20,2
DA:21,2
DA:22,2
DA:23,2
DA:24,2
DA:25,2
DA:26,1
DA:27,1
DA:28,2
DA:29,2
DA:30,2
DA:31,1
DA:32,1
DA:33,1
DA:34,1
DA:35,1
DA:36,1
DA:37,1
DA:38,2
DA:39,2
DA:40,2
DA:41,1
LF:41
LH:41
BRDA:18,0,0,1
BRDA:19,1,0,2
BRDA:27,2,0,2
BRDA:28,3,0,2
BRDA:30,4,0,1
BRF:5
BRH:5
end_of_record
TN:
SF:src/modules/statements/useCases/getStatementOperation/GetStatementOperationController.ts
FN:6,GetStatementOperationController
FN:7,Object.<anonymous>.GetStatementOperationController.execute
FNF:2
FNH:2
FNDA:1,GetStatementOperationController
FNDA:2,Object.<anonymous>.GetStatementOperationController.execute
DA:1,1
DA:2,1
DA:3,1
DA:4,1
DA:5,1
DA:6,1
DA:7,1
DA:8,2
DA:9,2
DA:10,2
DA:11,2
DA:12,2
DA:13,2
DA:14,2
DA:15,2
DA:16,2
DA:17,2
DA:18,2
DA:19,2
DA:20,1
LF:20
LH:20
BRDA:6,0,0,1
BRDA:6,1,0,1
BRDA:7,2,0,2
BRF:3
BRH:3
end_of_record
TN:
SF:src/modules/statements/useCases/getStatementOperation/GetStatementOperationError.ts
FN:5,UserNotFound
FN:11,StatementNotFound
FNF:2
FNH:2
FNDA:1,UserNotFound
FNDA:1,StatementNotFound
DA:1,1
DA:2,1
DA:3,1
DA:4,1
DA:5,1
DA:6,1
DA:7,1
DA:8,1
DA:9,1
DA:10,1
DA:11,1
DA:12,1
DA:13,1
DA:14,1
DA:15,1
LF:15
LH:15
BRDA:3,0,0,1
BRDA:4,1,0,1
BRDA:5,2,0,1
BRDA:10,3,0,1
BRDA:11,4,0,1
BRF:5
BRH:5
end_of_record
TN:
SF:src/modules/statements/useCases/getStatementOperation/GetStatementOperationUseCase.ts
FN:14,GetStatementOperationUseCase
FN:22,Object.<anonymous>.GetStatementOperationUseCase.execute
FNF:2
FNH:2
FNDA:3,GetStatementOperationUseCase
FNDA:3,Object.<anonymous>.GetStatementOperationUseCase.execute
DA:1,1
DA:2,1
DA:3,1
DA:4,1
DA:5,1
DA:6,1
DA:7,1
DA:8,1
DA:9,1
DA:10,1
DA:11,1
DA:12,1
DA:13,1
DA:14,1
DA:15,3
DA:16,3
DA:17,3
DA:18,3
DA:19,3
DA:20,3
DA:21,1
DA:22,1
DA:23,3
DA:24,3
DA:25,3
DA:26,1
DA:27,1
DA:28,2
DA:29,2
DA:30,2
DA:31,3
DA:32,3
DA:33,1
DA:34,1
DA:35,1
DA:36,1
DA:37,3
DA:38,1
LF:38
LH:38
BRDA:13,0,0,1
BRDA:14,1,0,3
BRDA:22,2,0,3
BRDA:23,3,0,3
BRDA:25,4,0,1
BRDA:28,5,0,2
BRDA:32,6,0,1
BRF:7
BRH:7
end_of_record
TN:
SF:src/modules/users/entities/User.ts
FN:35,User
FNF:1
FNH:1
FNDA:6,User
DA:1,1
DA:2,1
DA:3,1
DA:4,1
DA:5,1
DA:6,1
DA:7,1
DA:8,1
DA:9,1
DA:10,1
DA:11,1
DA:12,1
DA:13,1
DA:14,1
DA:15,1
DA:16,1
DA:17,1
DA:18,1
DA:19,1
DA:20,1
DA:21,1
DA:22,1
DA:23,1
DA:24,1
DA:25,1
DA:26,1
DA:27,1
DA:28,1
DA:29,1
DA:30,1
DA:31,1
DA:32,1
DA:33,1
DA:34,1
DA:35,1
DA:36,6
DA:37,6
DA:38,6
DA:39,6
DA:40,1
LF:40
LH:40
BRDA:13,0,0,1
BRDA:35,1,0,6
BRDA:26,2,0,2
BRDA:26,3,0,2
BRF:4
BRH:4
end_of_record
TN:
SF:src/modules/users/mappers/ProfileMap.ts
FN:3,ProfileMap
FN:4,Object.<anonymous>.ProfileMap.toDTO
FNF:2
FNH:1
FNDA:0,ProfileMap
FNDA:1,Object.<anonymous>.ProfileMap.toDTO
DA:1,1
DA:2,1
DA:3,0
DA:4,0
DA:5,1
DA:6,1
DA:7,1
DA:8,1
DA:9,1
DA:10,1
DA:11,1
DA:12,1
DA:13,0
LF:13
LH:10
BRDA:3,0,0,1
BRDA:4,1,0,1
BRF:2
BRH:2
end_of_record
TN:
SF:src/modules/users/repositories/UsersRepository.ts
FN:10,UsersRepository
FN:14,Object.<anonymous>.UsersRepository.findByEmail
FN:20,Object.<anonymous>.UsersRepository.findById
FN:24,Object.<anonymous>.UsersRepository.create
FNF:4
FNH:4
FNDA:1,UsersRepository
FNDA:2,Object.<anonymous>.UsersRepository.findByEmail
FNDA:1,Object.<anonymous>.UsersRepository.findById
FNDA:1,Object.<anonymous>.UsersRepository.create
DA:1,1
DA:2,1
DA:3,1
DA:4,1
DA:5,1
DA:6,1
DA:7,1
DA:8,1
DA:9,1
DA:10,1
DA:11,1
DA:12,1
DA:13,1
DA:14,1
DA:15,2
DA:16,2
DA:17,2
DA:18,2
DA:19,1
DA:20,1
DA:21,1
DA:22,1
DA:23,1
DA:24,1
DA:25,1
DA:26,1
DA:27,1
DA:28,1
DA:29,1
LF:29
LH:29
BRDA:7,0,0,1
BRDA:10,1,0,1
BRDA:14,2,0,2
BRDA:20,3,0,1
BRDA:24,4,0,1
BRF:5
BRH:5
end_of_record
TN:
SF:src/modules/users/repositories/in-memory/InMemoryUsersRepository.ts
FN:6,InMemoryUsersRepository
FN:9,Object.<anonymous>.InMemoryUsersRepository.findByEmail
FN:13,Object.<anonymous>.InMemoryUsersRepository.findById
FN:17,Object.<anonymous>.InMemoryUsersRepository.create
FNF:4
FNH:4
FNDA:3,InMemoryUsersRepository
FNDA:6,Object.<anonymous>.InMemoryUsersRepository.findByEmail
FNDA:2,Object.<anonymous>.InMemoryUsersRepository.findById
FNDA:6,Object.<anonymous>.InMemoryUsersRepository.create
DA:1,1
DA:2,1
DA:3,1
DA:4,1
DA:5,1
DA:6,3
DA:7,3
DA:8,3
DA:9,3
DA:10,6
DA:11,6
DA:12,3
DA:13,3
DA:14,2
DA:15,2
DA:16,3
DA:17,3
DA:18,6
DA:19,6
DA:20,6
DA:21,6
DA:22,6
DA:23,3
LF:23
LH:23
BRDA:6,0,0,1
BRDA:6,1,0,3
BRDA:9,2,0,6
BRDA:10,3,0,3
BRDA:13,4,0,2
BRDA:14,5,0,1
BRDA:17,6,0,6
BRF:7
BRH:7
end_of_record
TN:
SF:src/modules/users/useCases/authenticateUser/AuthenticateUserController.ts
FN:6,AuthenticateUserController
FN:7,Object.<anonymous>.AuthenticateUserController.execute
FNF:2
FNH:2
FNDA:1,AuthenticateUserController
FNDA:1,Object.<anonymous>.AuthenticateUserController.execute
DA:1,1
DA:2,1
DA:3,1
DA:4,1
DA:5,1
DA:6,1
DA:7,1
DA:8,1
DA:9,1
DA:10,1
DA:11,1
DA:12,1
DA:13,1
DA:14,1
DA:15,1
DA:16,1
DA:17,1
DA:18,1
DA:19,1
LF:19
LH:19
BRDA:6,0,0,1
BRDA:6,1,0,1
BRDA:7,2,0,1
BRF:3
BRH:3
end_of_record
TN:
SF:src/modules/users/useCases/authenticateUser/AuthenticateUserUseCase.ts
FN:18,AuthenticateUserUseCase
FN:23,Object.<anonymous>.AuthenticateUserUseCase.execute
FNF:2
FNH:2
FNDA:3,AuthenticateUserUseCase
FNDA:4,Object.<anonymous>.AuthenticateUserUseCase.execute
DA:1,1
DA:2,1
DA:3,1
DA:4,1
DA:5,1
DA:6,1
DA:7,1
DA:8,1
DA:9,1
DA:10,1
DA:11,1
DA:12,1
DA:13,1
DA:14,1
DA:15,1
DA:16,1
DA:17,1
DA:18,1
DA:19,3
DA:20,3
DA:21,3
DA:22,1
DA:23,1
DA:24,4
DA:25,4
DA:26,4
DA:27,1
DA:28,1
DA:29,3
DA:30,3
DA:31,4
DA:32,4
DA:33,1
DA:34,1
DA:35,2
DA:36,2
DA:37,2
DA:38,2
DA:39,2
DA:40,2
DA:41,2
DA:42,2
DA:43,2
DA:44,2
DA:45,2
DA:46,2
DA:47,2
DA:48,2
DA:49,2
DA:50,2
DA:51,4
DA:52,1
LF:52
LH:52
BRDA:17,0,0,1
BRDA:18,1,0,3
BRDA:23,2,0,4
BRDA:24,3,0,4
BRDA:26,4,0,1
BRDA:29,5,0,3
BRDA:32,6,0,1
BRDA:35,7,0,2
BRF:8
BRH:8
end_of_record
TN:
SF:src/modules/users/useCases/authenticateUser/IncorrectEmailOrPasswordError.ts
FN:4,IncorrectEmailOrPasswordError
FNF:1
FNH:1
FNDA:2,IncorrectEmailOrPasswordError
DA:1,1
DA:2,1
DA:3,1
DA:4,1
DA:5,2
DA:6,2
DA:7,1
LF:7
LH:7
BRDA:3,0,0,1
BRDA:4,1,0,2
BRF:2
BRH:2
end_of_record
TN:
SF:src/modules/users/useCases/createUser/CreateUserController.ts
FN:6,CreateUserController
FN:7,Object.<anonymous>.CreateUserController.execute
FNF:2
FNH:2
FNDA:1,CreateUserController
FNDA:2,Object.<anonymous>.CreateUserController.execute
DA:1,1
DA:2,1
DA:3,1
DA:4,1
DA:5,1
DA:6,1
DA:7,1
DA:8,2
DA:9,2
DA:10,2
DA:11,2
DA:12,2
DA:13,2
DA:14,2
DA:15,2
DA:16,2
DA:17,2
DA:18,2
DA:19,2
DA:20,1
LF:20
LH:20
BRDA:6,0,0,1
BRDA:6,1,0,1
BRDA:7,2,0,2
BRF:3
BRH:3
end_of_record
TN:
SF:src/modules/users/useCases/createUser/CreateUserError.ts
FN:4,CreateUserError
FNF:1
FNH:1
FNDA:1,CreateUserError
DA:1,1
DA:2,1
DA:3,1
DA:4,1
DA:5,1
DA:6,1
DA:7,1
LF:7
LH:7
BRDA:3,0,0,1
BRDA:4,1,0,1
BRF:2
BRH:2
end_of_record
TN:
SF:src/modules/users/useCases/createUser/CreateUserUseCase.ts
FN:11,CreateUserUseCase
FN:16,Object.<anonymous>.CreateUserUseCase.execute
FNF:2
FNH:2
FNDA:3,CreateUserUseCase
FNDA:6,Object.<anonymous>.CreateUserUseCase.execute
DA:1,1
DA:2,1
DA:3,1
DA:4,1
DA:5,1
DA:6,1
DA:7,1
DA:8,1
DA:9,1
DA:10,1
DA:11,1
DA:12,3
DA:13,3
DA:14,3
DA:15,1
DA:16,1
DA:17,6
DA:18,6
DA:19,6
DA:20,0
DA:21,0
DA:22,6
DA:23,6
DA:24,6
DA:25,6
DA:26,6
DA:27,6
DA:28,6
DA:29,6
DA:30,6
DA:31,6
DA:32,6
DA:33,1
LF:33
LH:31
BRDA:10,0,0,1
BRDA:11,1,0,3
BRDA:16,2,0,6
BRDA:17,3,0,6
BRDA:19,4,0,0
BRF:5
BRH:4
end_of_record
TN:
SF:src/modules/users/useCases/showUserProfile/ShowUserProfileController.ts
FN:7,ShowUserProfileController
FN:8,Object.<anonymous>.ShowUserProfileController.execute
FNF:2
FNH:2
FNDA:1,ShowUserProfileController
FNDA:1,Object.<anonymous>.ShowUserProfileController.execute
DA:1,1
DA:2,1
DA:3,1
DA:4,1
DA:5,1
DA:6,1
DA:7,1
DA:8,1
DA:9,1
DA:10,1
DA:11,1
DA:12,1
DA:13,1
DA:14,1
DA:15,1
DA:16,1
DA:17,1
DA:18,1
DA:19,1
LF:19
LH:19
BRDA:7,0,0,1
BRDA:7,1,0,1
BRDA:8,2,0,1
BRF:3
BRH:3
end_of_record
TN:
SF:src/modules/users/useCases/showUserProfile/ShowUserProfileError.ts
FN:4,ShowUserProfileError
FNF:1
FNH:1
FNDA:1,ShowUserProfileError
DA:1,1
DA:2,1
DA:3,1
DA:4,1
DA:5,1
DA:6,1
DA:7,1
LF:7
LH:7
BRDA:3,0,0,1
BRDA:4,1,0,1
BRF:2
BRH:2
end_of_record
TN:
SF:src/modules/users/useCases/showUserProfile/ShowUserProfileUseCase.ts
FN:8,ShowUserProfileUseCase
FN:13,Object.<anonymous>.ShowUserProfileUseCase.execute
FNF:2
FNH:2
FNDA:2,ShowUserProfileUseCase
FNDA:2,Object.<anonymous>.ShowUserProfileUseCase.execute
DA:1,1
DA:2,1
DA:3,1
DA:4,1
DA:5,1
DA:6,1
DA:7,1
DA:8,1
DA:9,2
DA:10,2
DA:11,2
DA:12,1
DA:13,1
DA:14,2
DA:15,2
DA:16,2
DA:17,1
DA:18,1
DA:19,1
DA:20,1
DA:21,2
DA:22,1
LF:22
LH:22
BRDA:7,0,0,1
BRDA:8,1,0,2
BRDA:13,2,0,2
BRDA:14,3,0,2
BRDA:16,4,0,1
BRF:5
BRH:5
end_of_record
TN:
SF:src/routes/authentication.routes.ts
FNF:0
FNH:0
DA:1,1
DA:2,1
DA:3,1
DA:4,1
DA:5,1
DA:6,1
DA:7,1
DA:8,1
DA:9,1
DA:10,1
LF:10
LH:10
BRF:0
BRH:0
end_of_record
TN:
SF:src/routes/index.ts
FNF:0
FNH:0
DA:1,1
DA:2,1
DA:3,1
DA:4,1
DA:5,1
DA:6,1
DA:7,1
DA:8,1
DA:9,1
DA:10,1
DA:11,1
DA:12,1
DA:13,1
DA:14,1
DA:15,1
DA:16,1
LF:16
LH:16
BRF:0
BRH:0
end_of_record
TN:
SF:src/routes/statements.routes.ts
FNF:0
FNH:0
DA:1,1
DA:2,1
DA:3,1
DA:4,1
DA:5,1
DA:6,1
DA:7,1
DA:8,1
DA:9,1
DA:10,1
DA:11,1
DA:12,1
DA:13,1
DA:14,1
DA:15,1
DA:16,1
DA:17,1
DA:18,1
DA:19,1
DA:20,1
LF:20
LH:20
BRF:0
BRH:0
end_of_record
TN:
SF:src/routes/userProfile.routes.ts
FNF:0
FNH:0
DA:1,1
DA:2,1
DA:3,1
DA:4,1
DA:5,1
DA:6,1
DA:7,1
DA:8,1
DA:9,1
DA:10,1
DA:11,1
DA:12,1
DA:13,1
LF:13
LH:13
BRF:0
BRH:0
end_of_record
TN:
SF:src/routes/users.routes.ts
FNF:0
FNH:0
DA:1,1
DA:2,1
DA:3,1
DA:4,1
DA:5,1
DA:6,1
DA:7,1
DA:8,1
DA:9,1
DA:10,1
LF:10
LH:10
BRF:0
BRH:0
end_of_record
TN:
SF:src/shared/container/index.ts
FNF:0
FNH:0
DA:1,1
DA:2,1
DA:3,1
DA:4,1
DA:5,1
DA:6,1
DA:7,1
DA:8,1
DA:9,1
DA:10,1
DA:11,1
DA:12,1
DA:13,1
DA:14,1
DA:15,1
DA:16,1
DA:17,1
LF:17
LH:17
BRF:0
BRH:0
end_of_record
TN:
SF:src/shared/errors/AppError.ts
FN:6,AppError
FNF:1
FNH:1
FNDA:1,AppError
DA:1,1
DA:2,1
DA:3,1
DA:4,1
DA:5,1
DA:6,1
DA:7,1
DA:8,1
DA:9,1
DA:10,1
LF:10
LH:10
BRDA:1,0,0,1
BRDA:6,1,0,1
BRF:2
BRH:2
end_of_record
TN:
SF:src/shared/errors/JWTInvalidTokenError.ts
FN:4,JWTInvalidTokenError
FNF:1
FNH:1
FNDA:1,JWTInvalidTokenError
DA:1,1
DA:2,1
DA:3,1
DA:4,1
DA:5,1
DA:6,1
DA:7,1
LF:7
LH:7
BRDA:3,0,0,1
BRDA:4,1,0,1
BRF:2
BRH:2
end_of_record
TN:
SF:src/shared/errors/JWTTokenMissingError.ts
FN:4,JWTTokenMissingError
FNF:1
FNH:0
FNDA:0,JWTTokenMissingError
DA:1,1
DA:2,1
DA:3,1
DA:4,1
DA:5,0
DA:6,0
DA:7,1
LF:7
LH:5
BRDA:3,0,0,1
BRF:1
BRH:1
end_of_record
TN:
SF:src/shared/infra/http/middlwares/ensureAuthenticated.ts
FN:12,ensureAuthenticated
FNF:1
FNH:1
FNDA:2,ensureAuthenticated
DA:1,1
DA:2,1
DA:3,1
DA:4,1
DA:5,1
DA:6,1
DA:7,1
DA:8,1
DA:9,1
DA:10,1
DA:11,1
DA:12,2
DA:13,2
DA:14,2
DA:15,2
DA:16,2
DA:17,2
DA:18,2
DA:19,2
DA:20,0
DA:21,0
DA:22,2
DA:23,2
DA:24,2
DA:25,2
DA:26,2
DA:27,2
DA:28,2
DA:29,2
DA:30,2
DA:31,2
DA:32,2
DA:33,2
DA:34,2
DA:35,2
DA:36,2
LF:36
LH:34
BRDA:12,0,0,2
BRDA:19,1,0,0
BRF:2
BRH:1
end_of_record
